<?xml version="1.0" encoding="utf-8"?><testsuites><testsuite errors="0" failures="0" hostname="DESKTOP-EVDL4EV" name="pytest" skipped="0" tests="4" time="0.199" timestamp="2020-08-13T22:06:28.698764"><testcase classname="test_Calculator_Operation.TestCalculator" file="test_Calculator_Operation.py" line="15" name="test_add" time="0.010"></testcase><testcase classname="test_Calculator_Operation.TestCalculator" file="test_Calculator_Operation.py" line="23" name="test_sub" time="0.007"></testcase><testcase classname="test_Calculator_Operation.TestCalculator" file="test_Calculator_Operation.py" line="30" name="test_div" time="0.005"></testcase><testcase classname="test_Calculator_Operation.TestCalculator" file="test_Calculator_Operation.py" line="38" name="test_mul" time="0.008"></testcase></testsuite></testsuites>